2021-03-14 12:15:52,266 - root - INFO - Checking number...
2021-03-14 12:15:52,267 - root - INFO - Converting integer...
2021-03-14 12:15:52,267 - root - INFO - ϩ
2021-03-14 12:38:32,750 - root - INFO - Checking number...
2021-03-14 12:38:32,750 - root - INFO - Converting integer...
2021-03-14 12:38:32,751 - root - INFO - Ϫ
2021-03-14 13:09:05,230 - root - INFO - Checking number...
2021-03-14 13:09:05,231 - root - INFO - Converting integer...
2021-03-14 13:09:05,231 - root - INFO - ϫ
2021-03-14 13:10:24,631 - root - INFO - Checking number...
2021-03-14 13:10:24,631 - root - INFO - Converting integer...
2021-03-14 13:10:24,673 - root - INFO - Ϭ
2021-03-14 13:16:50,133 - root - INFO - Checking number...
2021-03-14 13:16:50,134 - root - INFO - Converting integer...
2021-03-14 13:16:50,134 - root - INFO - ✽
2021-03-14 13:17:26,725 - root - INFO - Checking number...
2021-03-14 13:17:26,735 - root - INFO - Converting integer...
2021-03-14 13:17:26,735 - root - INFO - 𘡨
2021-03-14 13:18:26,179 - root - INFO - Checking number...
2021-03-14 13:18:26,180 - root - INFO - What does Solaris want from us?
2021-03-14 13:18:26,180 - root - INFO - 1114112 is either not within range, or is not an integer.
2021-03-14 13:18:26,180 - root - INFO - To continue, try a number between 0 and 1,114,111.
